Starting pipeline...
Database connected successfully

--- Searching for: data engineer ---
Total results: 3557
Total pages: 36
Ingesting page 1 with 100 jobs
Page 1: 2 inserted, 98 skipped (duplicates)
Ingesting page 2 with 100 jobs
Page 2: 2 inserted, 198 skipped (duplicates)
Ingesting page 3 with 100 jobs
Page 3: 2 inserted, 298 skipped (duplicates)
Ingesting page 4 with 100 jobs
Page 4: 2 inserted, 398 skipped (duplicates)
Ingesting page 5 with 100 jobs
Page 5: 2 inserted, 498 skipped (duplicates)
Ingesting page 6 with 100 jobs
Page 6: 2 inserted, 598 skipped (duplicates)
Ingesting page 7 with 100 jobs
Page 7: 2 inserted, 698 skipped (duplicates)
Ingesting page 8 with 100 jobs
Page 8: 2 inserted, 798 skipped (duplicates)
Ingesting page 9 with 100 jobs
Page 9: 2 inserted, 898 skipped (duplicates)
Ingesting page 10 with 100 jobs
Page 10: 2 inserted, 998 skipped (duplicates)
Ingesting page 11 with 100 jobs
Page 11: 2 inserted, 1098 skipped (duplicates)
Ingesting page 12 with 100 jobs
Page 12: 2 inserted, 1198 skipped (duplicates)
Ingesting page 13 with 100 jobs
Page 13: 2 inserted, 1298 skipped (duplicates)
Ingesting page 14 with 100 jobs
Page 14: 2 inserted, 1398 skipped (duplicates)
Ingesting page 15 with 100 jobs
Page 15: 2 inserted, 1498 skipped (duplicates)
Ingesting page 16 with 100 jobs
Page 16: 2 inserted, 1598 skipped (duplicates)
Ingesting page 17 with 100 jobs
Page 17: 2 inserted, 1698 skipped (duplicates)
Ingesting page 18 with 100 jobs
Page 18: 2 inserted, 1798 skipped (duplicates)
Ingesting page 19 with 100 jobs
Page 19: 2 inserted, 1898 skipped (duplicates)
Ingesting page 20 with 100 jobs
Page 20: 2 inserted, 1998 skipped (duplicates)
Ingesting page 21 with 100 jobs
Page 21: 2 inserted, 2098 skipped (duplicates)
Ingesting page 22 with 100 jobs
Page 22: 2 inserted, 2198 skipped (duplicates)
Ingesting page 23 with 100 jobs
Page 23: 2 inserted, 2298 skipped (duplicates)
Ingesting page 24 with 100 jobs
Page 24: 2 inserted, 2398 skipped (duplicates)
Ingesting page 25 with 100 jobs
Page 25: 2 inserted, 2498 skipped (duplicates)
Ingesting page 26 with 100 jobs
Page 26: 2 inserted, 2598 skipped (duplicates)
Ingesting page 27 with 100 jobs
Page 27: 2 inserted, 2698 skipped (duplicates)
Ingesting page 28 with 100 jobs
Page 28: 2 inserted, 2798 skipped (duplicates)
Ingesting page 29 with 100 jobs
Page 29: 2 inserted, 2898 skipped (duplicates)
Ingesting page 30 with 100 jobs
Page 30: 2 inserted, 2998 skipped (duplicates)
Ingesting page 31 with 100 jobs
Page 31: 2 inserted, 3098 skipped (duplicates)
Ingesting page 32 with 100 jobs
Page 32: 2 inserted, 3198 skipped (duplicates)
Ingesting page 33 with 100 jobs
Page 33: 2 inserted, 3298 skipped (duplicates)
Ingesting page 34 with 100 jobs
Page 34: 2 inserted, 3398 skipped (duplicates)
Ingesting page 35 with 100 jobs
Page 35: 2 inserted, 3498 skipped (duplicates)
Ingesting page 36 with 100 jobs
Page 36: 2 inserted, 3598 skipped (duplicates)

--- Searching for: data analyst ---
Total results: 2636
Total pages: 27
Ingesting page 1 with 100 jobs
Page 1: 6 inserted, 3694 skipped (duplicates)
Ingesting page 2 with 100 jobs
Page 2: 6 inserted, 3794 skipped (duplicates)
Ingesting page 3 with 100 jobs
Page 3: 6 inserted, 3894 skipped (duplicates)
Ingesting page 4 with 100 jobs
Page 4: 6 inserted, 3994 skipped (duplicates)
Ingesting page 5 with 100 jobs
Page 5: 6 inserted, 4094 skipped (duplicates)
Ingesting page 6 with 100 jobs
Page 6: 6 inserted, 4194 skipped (duplicates)
Ingesting page 7 with 100 jobs
Page 7: 6 inserted, 4294 skipped (duplicates)
Ingesting page 8 with 100 jobs
Page 8: 6 inserted, 4394 skipped (duplicates)
Ingesting page 9 with 100 jobs
Page 9: 6 inserted, 4494 skipped (duplicates)
Ingesting page 10 with 100 jobs
Page 10: 6 inserted, 4594 skipped (duplicates)
Ingesting page 11 with 100 jobs
Page 11: 6 inserted, 4694 skipped (duplicates)
Ingesting page 12 with 100 jobs
Page 12: 6 inserted, 4794 skipped (duplicates)
Ingesting page 13 with 100 jobs
Page 13: 6 inserted, 4894 skipped (duplicates)
Ingesting page 14 with 100 jobs
Page 14: 6 inserted, 4994 skipped (duplicates)
Ingesting page 15 with 100 jobs
Page 15: 6 inserted, 5094 skipped (duplicates)
Ingesting page 16 with 100 jobs
Page 16: 6 inserted, 5194 skipped (duplicates)
Ingesting page 17 with 100 jobs
Page 17: 6 inserted, 5294 skipped (duplicates)
Ingesting page 18 with 100 jobs
Page 18: 6 inserted, 5394 skipped (duplicates)
Ingesting page 19 with 100 jobs
Page 19: 6 inserted, 5494 skipped (duplicates)
Ingesting page 20 with 100 jobs
Page 20: 6 inserted, 5594 skipped (duplicates)
Ingesting page 21 with 100 jobs
Page 21: 6 inserted, 5694 skipped (duplicates)
Ingesting page 22 with 100 jobs
Page 22: 6 inserted, 5794 skipped (duplicates)
Ingesting page 23 with 100 jobs
Page 23: 6 inserted, 5894 skipped (duplicates)
Ingesting page 24 with 100 jobs
Page 24: 6 inserted, 5994 skipped (duplicates)
Ingesting page 25 with 100 jobs
Page 25: 6 inserted, 6094 skipped (duplicates)
Ingesting page 26 with 100 jobs
Page 26: 6 inserted, 6194 skipped (duplicates)
Ingesting page 27 with 100 jobs
Page 27: 6 inserted, 6294 skipped (duplicates)

--- Searching for: junior software ---
Total results: 1577
Total pages: 16
Ingesting page 1 with 100 jobs
Page 1: 6 inserted, 6394 skipped (duplicates)
Ingesting page 2 with 100 jobs
Page 2: 6 inserted, 6494 skipped (duplicates)
Ingesting page 3 with 100 jobs
Page 3: 6 inserted, 6594 skipped (duplicates)
Ingesting page 4 with 100 jobs
Page 4: 6 inserted, 6694 skipped (duplicates)
Ingesting page 5 with 100 jobs
Page 5: 6 inserted, 6794 skipped (duplicates)
Ingesting page 6 with 100 jobs
Page 6: 6 inserted, 6894 skipped (duplicates)
Ingesting page 7 with 100 jobs
Page 7: 6 inserted, 6994 skipped (duplicates)
Ingesting page 8 with 100 jobs
Page 8: 6 inserted, 7094 skipped (duplicates)
Ingesting page 9 with 100 jobs
Page 9: 6 inserted, 7194 skipped (duplicates)
Ingesting page 10 with 100 jobs
Page 10: 6 inserted, 7294 skipped (duplicates)
Ingesting page 11 with 100 jobs
Page 11: 6 inserted, 7394 skipped (duplicates)
Ingesting page 12 with 100 jobs
Page 12: 6 inserted, 7494 skipped (duplicates)
Ingesting page 13 with 100 jobs
Page 13: 6 inserted, 7594 skipped (duplicates)
Ingesting page 14 with 100 jobs
Page 14: 6 inserted, 7694 skipped (duplicates)
Ingesting page 15 with 100 jobs
Page 15: 6 inserted, 7794 skipped (duplicates)
Ingesting page 16 with 100 jobs
Page 16: 6 inserted, 7894 skipped (duplicates)

--- Searching for: python ---
Total results: 2676
Total pages: 27
Ingesting page 1 with 100 jobs
Page 1: 8 inserted, 7992 skipped (duplicates)
Ingesting page 2 with 100 jobs
Page 2: 8 inserted, 8092 skipped (duplicates)
Ingesting page 3 with 100 jobs
Page 3: 8 inserted, 8192 skipped (duplicates)
Ingesting page 4 with 100 jobs
Page 4: 8 inserted, 8292 skipped (duplicates)
Ingesting page 5 with 100 jobs
Page 5: 8 inserted, 8392 skipped (duplicates)
Ingesting page 6 with 100 jobs
Page 6: 8 inserted, 8492 skipped (duplicates)
Ingesting page 7 with 100 jobs
Page 7: 8 inserted, 8592 skipped (duplicates)
Ingesting page 8 with 100 jobs
Page 8: 8 inserted, 8692 skipped (duplicates)
Ingesting page 9 with 100 jobs
Page 9: 8 inserted, 8792 skipped (duplicates)
Ingesting page 10 with 100 jobs
Page 10: 8 inserted, 8892 skipped (duplicates)
Ingesting page 11 with 100 jobs
Page 11: 8 inserted, 8992 skipped (duplicates)
Ingesting page 12 with 100 jobs
Page 12: 8 inserted, 9092 skipped (duplicates)
Ingesting page 13 with 100 jobs
Page 13: 8 inserted, 9192 skipped (duplicates)
Ingesting page 14 with 100 jobs
Page 14: 8 inserted, 9292 skipped (duplicates)
Ingesting page 15 with 100 jobs
Page 15: 8 inserted, 9392 skipped (duplicates)
Ingesting page 16 with 100 jobs
Page 16: 8 inserted, 9492 skipped (duplicates)
Ingesting page 17 with 100 jobs
Page 17: 8 inserted, 9592 skipped (duplicates)
Ingesting page 18 with 100 jobs
Page 18: 8 inserted, 9692 skipped (duplicates)
Ingesting page 19 with 100 jobs
Page 19: 8 inserted, 9792 skipped (duplicates)
Ingesting page 20 with 100 jobs
Page 20: 8 inserted, 9892 skipped (duplicates)
Ingesting page 21 with 100 jobs
Page 21: 8 inserted, 9992 skipped (duplicates)
Ingesting page 22 with 100 jobs
Page 22: 8 inserted, 10092 skipped (duplicates)
Ingesting page 23 with 100 jobs
Page 23: 8 inserted, 10192 skipped (duplicates)
Ingesting page 24 with 100 jobs
Page 24: 8 inserted, 10292 skipped (duplicates)
Ingesting page 25 with 100 jobs
Page 25: 8 inserted, 10392 skipped (duplicates)
Ingesting page 26 with 100 jobs
Page 26: 8 inserted, 10492 skipped (duplicates)
Ingesting page 27 with 100 jobs
Page 27: 8 inserted, 10592 skipped (duplicates)

--- Searching for: software apprentice ---
Total results: 86
Total pages: 1
Ingesting page 1 with 86 jobs
Page 1: 9 inserted, 10677 skipped (duplicates)

--- Searching for: sql ---
Total results: 2255
Total pages: 23
Ingesting page 1 with 100 jobs
Page 1: 14 inserted, 10772 skipped (duplicates)
Ingesting page 2 with 100 jobs
Page 2: 14 inserted, 10872 skipped (duplicates)
Ingesting page 3 with 100 jobs
Page 3: 14 inserted, 10972 skipped (duplicates)
Ingesting page 4 with 100 jobs
Page 4: 14 inserted, 11072 skipped (duplicates)
Ingesting page 5 with 100 jobs
Page 5: 14 inserted, 11172 skipped (duplicates)
Ingesting page 6 with 100 jobs
Page 6: 14 inserted, 11272 skipped (duplicates)
Ingesting page 7 with 100 jobs
Page 7: 14 inserted, 11372 skipped (duplicates)
Ingesting page 8 with 100 jobs
Page 8: 14 inserted, 11472 skipped (duplicates)
Ingesting page 9 with 100 jobs
Page 9: 14 inserted, 11572 skipped (duplicates)
Ingesting page 10 with 100 jobs
Page 10: 14 inserted, 11672 skipped (duplicates)
Ingesting page 11 with 100 jobs
Page 11: 14 inserted, 11772 skipped (duplicates)
Ingesting page 12 with 100 jobs
Page 12: 14 inserted, 11872 skipped (duplicates)
Ingesting page 13 with 100 jobs
Page 13: 14 inserted, 11972 skipped (duplicates)
Ingesting page 14 with 100 jobs
Page 14: 14 inserted, 12072 skipped (duplicates)
Ingesting page 15 with 100 jobs
Page 15: 14 inserted, 12172 skipped (duplicates)
Ingesting page 16 with 100 jobs
Page 16: 14 inserted, 12272 skipped (duplicates)
Ingesting page 17 with 100 jobs
Page 17: 14 inserted, 12372 skipped (duplicates)
Ingesting page 18 with 100 jobs
Page 18: 14 inserted, 12472 skipped (duplicates)
Ingesting page 19 with 100 jobs
Page 19: 14 inserted, 12572 skipped (duplicates)
Ingesting page 20 with 100 jobs
Page 20: 14 inserted, 12672 skipped (duplicates)
Ingesting page 21 with 100 jobs
Page 21: 14 inserted, 12772 skipped (duplicates)
Ingesting page 22 with 100 jobs
Page 22: 14 inserted, 12872 skipped (duplicates)
Ingesting page 23 with 100 jobs
Page 23: 14 inserted, 12972 skipped (duplicates)

--- Searching for: analytics engineer ---
Total results: 1072
Total pages: 11
Ingesting page 1 with 100 jobs
Page 1: 17 inserted, 13069 skipped (duplicates)
Ingesting page 2 with 100 jobs
Page 2: 17 inserted, 13169 skipped (duplicates)
Ingesting page 3 with 100 jobs
Page 3: 17 inserted, 13269 skipped (duplicates)
Ingesting page 4 with 100 jobs
Page 4: 17 inserted, 13369 skipped (duplicates)
Ingesting page 5 with 100 jobs
Page 5: 17 inserted, 13469 skipped (duplicates)
Ingesting page 6 with 100 jobs
Page 6: 17 inserted, 13569 skipped (duplicates)
Ingesting page 7 with 100 jobs
Page 7: 17 inserted, 13669 skipped (duplicates)
Ingesting page 8 with 100 jobs
Page 8: 17 inserted, 13769 skipped (duplicates)
Ingesting page 9 with 100 jobs
Page 9: 17 inserted, 13869 skipped (duplicates)
Ingesting page 10 with 100 jobs
Page 10: 17 inserted, 13969 skipped (duplicates)
Ingesting page 11 with 100 jobs
Page 11: 17 inserted, 14069 skipped (duplicates)
INSERT 0 17
INSERT 0 10
TRUNCATE TABLE
INSERT 0 37
TRUNCATE TABLE
INSERT 0 71
TRUNCATE TABLE
INSERT 0 400
Pipeline complete.
